# JRE version: OpenJDK Runtime Environment (17.0.6) (build 17.0.6+0-b2043.56-9586694)
# Java VM: OpenJDK 64-Bit Server VM (17.0.6+0-b2043.56-9586694, mixed mode, tiered, compressed oops, compressed class ptrs, g1 gc, windows-amd64)
GC Precious Log:
 CPUs: 2 total, 2 available
 Memory: 7055M
 Large Page Support: Disabled
 NUMA Support: Disabled
 Compressed Oops: Enabled (32-bit)
 Heap Region Size: 1M
 Heap Min Capacity: 8M
 Heap Initial Capacity: 112M
 Heap Max Capacity: 2G
 Pre-touch: Disabled
 Parallel Workers: 2
 Concurrent Workers: 1
 Concurrent Refinement Workers: 2
 Periodic GC: Disabled
Heap:
 garbage-first heap   total 475136K, used 228190K [0x0000000080000000, 0x0000000100000000)
  region size 1024K, 1 young (1024K), 1 survivors (1024K)
 Metaspace       used 152716K, committed 154496K, reserved 1187840K
  class space    used 19609K, committed 20480K, reserved 1048576K
GC Heap History (20 events):
Event: 10909.143 GC heap after
{Heap after GC invocations=91 (full 0):
 garbage-first heap   total 358400K, used 114172K [0x0000000080000000, 0x0000000100000000)
  region size 1024K, 2 young (2048K), 2 survivors (2048K)
 Metaspace       used 140258K, committed 141952K, reserved 1171456K
  class space    used 18273K, committed 19072K, reserved 1048576K
}
Event: 10913.681 GC heap before
{Heap before GC invocations=91 (full 0):
 garbage-first heap   total 358400K, used 155132K [0x0000000080000000, 0x0000000100000000)
  region size 1024K, 44 young (45056K), 2 survivors (2048K)
 Metaspace       used 141576K, committed 143232K, reserved 1179648K
  class space    used 18399K, committed 19200K, reserved 1048576K
}
Event: 10913.717 GC heap after
{Heap after GC invocations=92 (full 0):
 garbage-first heap   total 358400K, used 123900K [0x0000000080000000, 0x0000000100000000)
  region size 1024K, 11 young (11264K), 11 survivors (11264K)
 Metaspace       used 141576K, committed 143232K, reserved 1179648K
  class space    used 18399K, committed 19200K, reserved 1048576K
}
Event: 10922.058 GC heap before
{Heap before GC invocations=93 (full 0):
 garbage-first heap   total 358400K, used 306172K [0x0000000080000000, 0x0000000100000000)
  region size 1024K, 164 young (167936K), 11 survivors (11264K)
 Metaspace       used 148124K, committed 149824K, reserved 1179648K
  class space    used 19073K, committed 19904K, reserved 1048576K
}
Event: 10922.083 GC heap after
{Heap after GC invocations=94 (full 0):
 garbage-first heap   total 358400K, used 120316K [0x0000000080000000, 0x0000000100000000)
  region size 1024K, 8 young (8192K), 8 survivors (8192K)
 Metaspace       used 148124K, committed 149824K, reserved 1179648K
  class space    used 19073K, committed 19904K, reserved 1048576K
}
Event: 10922.606 GC heap before
{Heap before GC invocations=94 (full 0):
 garbage-first heap   total 358400K, used 128508K [0x0000000080000000, 0x0000000100000000)
  region size 1024K, 17 young (17408K), 8 survivors (8192K)
 Metaspace       used 148147K, committed 149888K, reserved 1179648K
  class space    used 19073K, committed 19904K, reserved 1048576K
}
Event: 10922.625 GC heap after
{Heap after GC invocations=95 (full 0):
 garbage-first heap   total 358400K, used 111881K [0x0000000080000000, 0x0000000100000000)
  region size 1024K, 1 young (1024K), 1 survivors (1024K)
 Metaspace       used 148147K, committed 149888K, reserved 1179648K
  class space    used 19073K, committed 19904K, reserved 1048576K
}
Event: 10927.116 GC heap before
{Heap before GC invocations=95 (full 0):
 garbage-first heap   total 358400K, used 260361K [0x0000000080000000, 0x0000000100000000)
  region size 1024K, 148 young (151552K), 1 survivors (1024K)
 Metaspace       used 150615K, committed 152448K, reserved 1187840K
  class space    used 19375K, committed 20224K, reserved 1048576K
}
Event: 10927.152 GC heap after
{Heap after GC invocations=96 (full 0):
 garbage-first heap   total 358400K, used 120865K [0x0000000080000000, 0x0000000100000000)
  region size 1024K, 10 young (10240K), 10 survivors (10240K)
 Metaspace       used 150615K, committed 152448K, reserved 1187840K
  class space    used 19375K, committed 20224K, reserved 1048576K
}
Event: 10931.845 GC heap before
{Heap before GC invocations=97 (full 0):
 garbage-first heap   total 358400K, used 328737K [0x0000000080000000, 0x0000000100000000)
  region size 1024K, 171 young (175104K), 10 survivors (10240K)
 Metaspace       used 151905K, committed 153664K, reserved 1187840K
  class space    used 19493K, committed 20352K, reserved 1048576K
}
Event: 10932.264 GC heap after
{Heap after GC invocations=98 (full 0):
 garbage-first heap   total 400384K, used 205622K [0x0000000080000000, 0x0000000100000000)
  region size 1024K, 22 young (22528K), 22 survivors (22528K)
 Metaspace       used 151905K, committed 153664K, reserved 1187840K
  class space    used 19493K, committed 20352K, reserved 1048576K
}
Event: 10932.385 GC heap before
{Heap before GC invocations=98 (full 0):
 garbage-first heap   total 400384K, used 206646K [0x0000000080000000, 0x0000000100000000)
  region size 1024K, 23 young (23552K), 22 survivors (22528K)
 Metaspace       used 151905K, committed 153664K, reserved 1187840K
  class space    used 19493K, committed 20352K, reserved 1048576K
}
Event: 10932.523 GC heap after
{Heap after GC invocations=99 (full 0):
 garbage-first heap   total 400384K, used 202752K [0x0000000080000000, 0x0000000100000000)
  region size 1024K, 1 young (1024K), 1 survivors (1024K)
 Metaspace       used 151905K, committed 153664K, reserved 1187840K
  class space    used 19493K, committed 20352K, reserved 1048576K
}
Event: 10935.944 GC heap before
{Heap before GC invocations=99 (full 0):
 garbage-first heap   total 400384K, used 272384K [0x0000000080000000, 0x0000000100000000)
  region size 1024K, 71 young (72704K), 1 survivors (1024K)
 Metaspace       used 152634K, committed 154432K, reserved 1187840K
  class space    used 19603K, committed 20480K, reserved 1048576K
}
Event: 10935.980 GC heap after
{Heap after GC invocations=100 (full 0):
 garbage-first heap   total 400384K, used 208896K [0x0000000080000000, 0x0000000100000000)
  region size 1024K, 7 young (7168K), 7 survivors (7168K)
 Metaspace       used 152634K, committed 154432K, reserved 1187840K
  class space    used 19603K, committed 20480K, reserved 1048576K
}
Event: 10942.728 GC heap before
{Heap before GC invocations=101 (full 0):
 garbage-first heap   total 400384K, used 307200K [0x0000000080000000, 0x0000000100000000)
  region size 1024K, 96 young (98304K), 7 survivors (7168K)
 Metaspace       used 152716K, committed 154496K, reserved 1187840K
  class space    used 19609K, committed 20480K, reserved 1048576K
}
Event: 10942.798 GC heap after
{Heap after GC invocations=102 (full 0):
 garbage-first heap   total 400384K, used 232448K [0x0000000080000000, 0x0000000100000000)
  region size 1024K, 12 young (12288K), 12 survivors (12288K)
 Metaspace       used 152716K, committed 154496K, reserved 1187840K
  class space    used 19609K, committed 20480K, reserved 1048576K
}
Event: 10942.897 GC heap before
{Heap before GC invocations=102 (full 0):
 garbage-first heap   total 400384K, used 239616K [0x0000000080000000, 0x0000000100000000)
  region size 1024K, 19 young (19456K), 12 survivors (12288K)
 Metaspace       used 152716K, committed 154496K, reserved 1187840K
  class space    used 19609K, committed 20480K, reserved 1048576K
}
Event: 10942.954 GC heap after
{Heap after GC invocations=103 (full 0):
 garbage-first heap   total 400384K, used 228864K [0x0000000080000000, 0x0000000100000000)
  region size 1024K, 1 young (1024K), 1 survivors (1024K)
 Metaspace       used 152716K, committed 154496K, reserved 1187840K
  class space    used 19609K, committed 20480K, reserved 1048576K
}
Event: 10943.618 GC heap before
{Heap before GC invocations=103 (full 0):
 garbage-first heap   total 400384K, used 229888K [0x0000000080000000, 0x0000000100000000)
  region size 1024K, 3 young (3072K), 1 survivors (1024K)
 Metaspace       used 152716K, committed 154496K, reserved 1187840K
  class space    used 19609K, committed 20480K, reserved 1048576K
}

